[2016-07-28 21:34:46] production.ERROR: exception 'PDOException' with message 'SQLSTATE[HY000] [1045] Access denied for user ''@'localhost' (using password: NO)' in C:\Users\Jordan\Documents\GitHub\4413Project\vendor\laravel\framework\src\Illuminate\Database\Connectors\Connector.php:47
Stack trace:
#0 C:\Users\Jordan\Documents\GitHub\4413Project\vendor\laravel\framework\src\Illuminate\Database\Connectors\Connector.php(47): PDO->__construct('mysql:host=;dbn...', '', '', Array)
#1 C:\Users\Jordan\Documents\GitHub\4413Project\vendor\laravel\framework\src\Illuminate\Database\Connectors\MySqlConnector.php(20): Illuminate\Database\Connectors\Connector->createConnection('mysql:host=;dbn...', Array, Array)
#2 C:\Users\Jordan\Documents\GitHub\4413Project\vendor\laravel\framework\src\Illuminate\Database\Connectors\ConnectionFactory.php(57): Illuminate\Database\Connectors\MySqlConnector->connect(Array)
#3 C:\Users\Jordan\Documents\GitHub\4413Project\vendor\laravel\framework\src\Illuminate\Database\Connectors\ConnectionFactory.php(46): Illuminate\Database\Connectors\ConnectionFactory->createSingleConnection(Array)
#4 C:\Users\Jordan\Documents\GitHub\4413Project\vendor\laravel\framework\src\Illuminate\Database\DatabaseManager.php(176): Illuminate\Database\Connectors\ConnectionFactory->make(Array, 'mysql')
#5 C:\Users\Jordan\Documents\GitHub\4413Project\vendor\laravel\framework\src\Illuminate\Database\DatabaseManager.php(64): Illuminate\Database\DatabaseManager->makeConnection('mysql')
#6 C:\Users\Jordan\Documents\GitHub\4413Project\vendor\laravel\framework\src\Illuminate\Database\Migrations\DatabaseMigrationRepository.php(167): Illuminate\Database\DatabaseManager->connection(NULL)
#7 C:\Users\Jordan\Documents\GitHub\4413Project\vendor\laravel\framework\src\Illuminate\Database\Migrations\DatabaseMigrationRepository.php(135): Illuminate\Database\Migrations\DatabaseMigrationRepository->getConnection()
#8 C:\Users\Jordan\Documents\GitHub\4413Project\vendor\laravel\framework\src\Illuminate\Database\Migrations\Migrator.php(371): Illuminate\Database\Migrations\DatabaseMigrationRepository->repositoryExists()
#9 C:\Users\Jordan\Documents\GitHub\4413Project\vendor\laravel\framework\src\Illuminate\Database\Console\Migrations\MigrateCommand.php(98): Illuminate\Database\Migrations\Migrator->repositoryExists()
#10 C:\Users\Jordan\Documents\GitHub\4413Project\vendor\laravel\framework\src\Illuminate\Database\Console\Migrations\MigrateCommand.php(61): Illuminate\Database\Console\Migrations\MigrateCommand->prepareDatabase()
#11 C:\Users\Jordan\Documents\GitHub\4413Project\vendor\laravel\framework\src\Illuminate\Console\Command.php(112): Illuminate\Database\Console\Migrations\MigrateCommand->fire()
#12 C:\Users\Jordan\Documents\GitHub\4413Project\vendor\symfony\console\Symfony\Component\Console\Command\Command.php(253): Illuminate\Console\Command->execute(Object(Symfony\Component\Console\Input\ArgvInput), Object(Symfony\Component\Console\Output\ConsoleOutput))
#13 C:\Users\Jordan\Documents\GitHub\4413Project\vendor\laravel\framework\src\Illuminate\Console\Command.php(100): Symfony\Component\Console\Command\Command->run(Object(Symfony\Component\Console\Input\ArgvInput), Object(Symfony\Component\Console\Output\ConsoleOutput))
#14 C:\Users\Jordan\Documents\GitHub\4413Project\vendor\symfony\console\Symfony\Component\Console\Application.php(889): Illuminate\Console\Command->run(Object(Symfony\Component\Console\Input\ArgvInput), Object(Symfony\Component\Console\Output\ConsoleOutput))
#15 C:\Users\Jordan\Documents\GitHub\4413Project\vendor\symfony\console\Symfony\Component\Console\Application.php(193): Symfony\Component\Console\Application->doRunCommand(Object(Illuminate\Database\Console\Migrations\MigrateCommand), Object(Symfony\Component\Console\Input\ArgvInput), Object(Symfony\Component\Console\Output\ConsoleOutput))
#16 C:\Users\Jordan\Documents\GitHub\4413Project\vendor\symfony\console\Symfony\Component\Console\Application.php(124): Symfony\Component\Console\Application->doRun(Object(Symfony\Component\Console\Input\ArgvInput), Object(Symfony\Component\Console\Output\ConsoleOutput))
#17 C:\Users\Jordan\Documents\GitHub\4413Project\artisan(59): Symfony\Component\Console\Application->run()
#18 {main} [] []
[2016-07-28 21:37:50] production.ERROR: exception 'Symfony\Component\HttpKernel\Exception\NotFoundHttpException' in C:\Users\Jordan\Documents\GitHub\4413Project\vendor\laravel\framework\src\Illuminate\Routing\RouteCollection.php:148
Stack trace:
#0 C:\Users\Jordan\Documents\GitHub\4413Project\vendor\laravel\framework\src\Illuminate\Routing\Router.php(1054): Illuminate\Routing\RouteCollection->match(Object(Illuminate\Http\Request))
#1 C:\Users\Jordan\Documents\GitHub\4413Project\vendor\laravel\framework\src\Illuminate\Routing\Router.php(1022): Illuminate\Routing\Router->findRoute(Object(Illuminate\Http\Request))
#2 C:\Users\Jordan\Documents\GitHub\4413Project\vendor\laravel\framework\src\Illuminate\Routing\Router.php(1001): Illuminate\Routing\Router->dispatchToRoute(Object(Illuminate\Http\Request))
#3 C:\Users\Jordan\Documents\GitHub\4413Project\vendor\laravel\framework\src\Illuminate\Foundation\Application.php(775): Illuminate\Routing\Router->dispatch(Object(Illuminate\Http\Request))
#4 C:\Users\Jordan\Documents\GitHub\4413Project\vendor\laravel\framework\src\Illuminate\Foundation\Application.php(745): Illuminate\Foundation\Application->dispatch(Object(Illuminate\Http\Request))
#5 C:\Users\Jordan\Documents\GitHub\4413Project\vendor\laravel\framework\src\Illuminate\Session\Middleware.php(72): Illuminate\Foundation\Application->handle(Object(Illuminate\Http\Request), 1, true)
#6 C:\Users\Jordan\Documents\GitHub\4413Project\vendor\laravel\framework\src\Illuminate\Cookie\Queue.php(47): Illuminate\Session\Middleware->handle(Object(Illuminate\Http\Request), 1, true)
#7 C:\Users\Jordan\Documents\GitHub\4413Project\vendor\laravel\framework\src\Illuminate\Cookie\Guard.php(51): Illuminate\Cookie\Queue->handle(Object(Illuminate\Http\Request), 1, true)
#8 C:\Users\Jordan\Documents\GitHub\4413Project\vendor\stack\builder\src\Stack\StackedHttpKernel.php(23): Illuminate\Cookie\Guard->handle(Object(Illuminate\Http\Request), 1, true)
#9 C:\Users\Jordan\Documents\GitHub\4413Project\vendor\laravel\framework\src\Illuminate\Foundation\Application.php(641): Stack\StackedHttpKernel->handle(Object(Illuminate\Http\Request))
#10 C:\Users\Jordan\Documents\GitHub\4413Project\public\index.php(49): Illuminate\Foundation\Application->run()
#11 C:\Users\Jordan\Documents\GitHub\4413Project\server.php(19): require_once('C:\\Users\\Jordan...')
#12 {main} [] []
[2016-07-28 21:43:25] production.ERROR: exception 'BadMethodCallException' with message 'Method date does not exist.' in C:\Users\Jordan\Documents\GitHub\4413Project\vendor\laravel\framework\src\Illuminate\Support\Traits\MacroableTrait.php:51
Stack trace:
#0 C:\Users\Jordan\Documents\GitHub\4413Project\vendor\laravel\framework\src\Illuminate\Support\Traits\MacroableTrait.php(65): Illuminate\Html\FormBuilder::__callStatic('date', Array)
#1 C:\Users\Jordan\Documents\GitHub\4413Project\vendor\laravel\framework\src\Illuminate\Support\Facades\Facade.php(214): Illuminate\Html\FormBuilder->__call('date', Array)
#2 C:\Users\Jordan\Documents\GitHub\4413Project\vendor\laravel\framework\src\Illuminate\Support\Facades\Facade.php(214): Illuminate\Html\FormBuilder->date('dob', NULL, Array)
#3 C:\Users\Jordan\Documents\GitHub\4413Project\app\storage\views\67377c82ac3ee89fa0af42d3fe1b03b4(28): Illuminate\Support\Facades\Facade::__callStatic('date', Array)
#4 C:\Users\Jordan\Documents\GitHub\4413Project\app\storage\views\67377c82ac3ee89fa0af42d3fe1b03b4(28): Illuminate\Support\Facades\Form::date('dob', NULL, Array)
#5 C:\Users\Jordan\Documents\GitHub\4413Project\vendor\laravel\framework\src\Illuminate\View\Engines\PhpEngine.php(37): include('C:\\Users\\Jordan...')
#6 C:\Users\Jordan\Documents\GitHub\4413Project\vendor\laravel\framework\src\Illuminate\View\Engines\CompilerEngine.php(56): Illuminate\View\Engines\PhpEngine->evaluatePath('C:\\Users\\Jordan...', Array)
#7 C:\Users\Jordan\Documents\GitHub\4413Project\vendor\laravel\framework\src\Illuminate\View\View.php(140): Illuminate\View\Engines\CompilerEngine->get('C:\\Users\\Jordan...', Array)
#8 C:\Users\Jordan\Documents\GitHub\4413Project\vendor\laravel\framework\src\Illuminate\View\View.php(109): Illuminate\View\View->getContents()
#9 C:\Users\Jordan\Documents\GitHub\4413Project\vendor\laravel\framework\src\Illuminate\View\View.php(78): Illuminate\View\View->renderContents()
#10 C:\Users\Jordan\Documents\GitHub\4413Project\vendor\laravel\framework\src\Illuminate\Http\Response.php(43): Illuminate\View\View->render()
#11 C:\Users\Jordan\Documents\GitHub\4413Project\vendor\symfony\http-foundation\Symfony\Component\HttpFoundation\Response.php(202): Illuminate\Http\Response->setContent(Object(Illuminate\View\View))
#12 C:\Users\Jordan\Documents\GitHub\4413Project\vendor\laravel\framework\src\Illuminate\Routing\Router.php(1501): Symfony\Component\HttpFoundation\Response->__construct(Object(Illuminate\View\View))
#13 C:\Users\Jordan\Documents\GitHub\4413Project\vendor\laravel\framework\src\Illuminate\Routing\Router.php(1036): Illuminate\Routing\Router->prepareResponse(Object(Illuminate\Http\Request), Object(Illuminate\View\View))
#14 C:\Users\Jordan\Documents\GitHub\4413Project\vendor\laravel\framework\src\Illuminate\Routing\Router.php(1001): Illuminate\Routing\Router->dispatchToRoute(Object(Illuminate\Http\Request))
#15 C:\Users\Jordan\Documents\GitHub\4413Project\vendor\laravel\framework\src\Illuminate\Foundation\Application.php(775): Illuminate\Routing\Router->dispatch(Object(Illuminate\Http\Request))
#16 C:\Users\Jordan\Documents\GitHub\4413Project\vendor\laravel\framework\src\Illuminate\Foundation\Application.php(745): Illuminate\Foundation\Application->dispatch(Object(Illuminate\Http\Request))
#17 C:\Users\Jordan\Documents\GitHub\4413Project\vendor\laravel\framework\src\Illuminate\Session\Middleware.php(72): Illuminate\Foundation\Application->handle(Object(Illuminate\Http\Request), 1, true)
#18 C:\Users\Jordan\Documents\GitHub\4413Project\vendor\laravel\framework\src\Illuminate\Cookie\Queue.php(47): Illuminate\Session\Middleware->handle(Object(Illuminate\Http\Request), 1, true)
#19 C:\Users\Jordan\Documents\GitHub\4413Project\vendor\laravel\framework\src\Illuminate\Cookie\Guard.php(51): Illuminate\Cookie\Queue->handle(Object(Illuminate\Http\Request), 1, true)
#20 C:\Users\Jordan\Documents\GitHub\4413Project\vendor\stack\builder\src\Stack\StackedHttpKernel.php(23): Illuminate\Cookie\Guard->handle(Object(Illuminate\Http\Request), 1, true)
#21 C:\Users\Jordan\Documents\GitHub\4413Project\vendor\laravel\framework\src\Illuminate\Foundation\Application.php(641): Stack\StackedHttpKernel->handle(Object(Illuminate\Http\Request))
#22 C:\Users\Jordan\Documents\GitHub\4413Project\public\index.php(49): Illuminate\Foundation\Application->run()
#23 C:\Users\Jordan\Documents\GitHub\4413Project\server.php(19): require_once('C:\\Users\\Jordan...')
#24 {main}

Next exception 'ErrorException' with message 'Method date does not exist. (View: C:\Users\Jordan\Documents\GitHub\4413Project\app\views\signup.blade.php)' in C:\Users\Jordan\Documents\GitHub\4413Project\vendor\laravel\framework\src\Illuminate\Support\Traits\MacroableTrait.php:51
Stack trace:
#0 C:\Users\Jordan\Documents\GitHub\4413Project\vendor\laravel\framework\src\Illuminate\View\Engines\PhpEngine.php(41): Illuminate\View\Engines\CompilerEngine->handleViewException(Object(BadMethodCallException), 1)
#1 C:\Users\Jordan\Documents\GitHub\4413Project\vendor\laravel\framework\src\Illuminate\View\Engines\CompilerEngine.php(56): Illuminate\View\Engines\PhpEngine->evaluatePath('C:\\Users\\Jordan...', Array)
#2 C:\Users\Jordan\Documents\GitHub\4413Project\vendor\laravel\framework\src\Illuminate\View\View.php(140): Illuminate\View\Engines\CompilerEngine->get('C:\\Users\\Jordan...', Array)
#3 C:\Users\Jordan\Documents\GitHub\4413Project\vendor\laravel\framework\src\Illuminate\View\View.php(109): Illuminate\View\View->getContents()
#4 C:\Users\Jordan\Documents\GitHub\4413Project\vendor\laravel\framework\src\Illuminate\View\View.php(78): Illuminate\View\View->renderContents()
#5 C:\Users\Jordan\Documents\GitHub\4413Project\vendor\laravel\framework\src\Illuminate\Http\Response.php(43): Illuminate\View\View->render()
#6 C:\Users\Jordan\Documents\GitHub\4413Project\vendor\symfony\http-foundation\Symfony\Component\HttpFoundation\Response.php(202): Illuminate\Http\Response->setContent(Object(Illuminate\View\View))
#7 C:\Users\Jordan\Documents\GitHub\4413Project\vendor\laravel\framework\src\Illuminate\Routing\Router.php(1501): Symfony\Component\HttpFoundation\Response->__construct(Object(Illuminate\View\View))
#8 C:\Users\Jordan\Documents\GitHub\4413Project\vendor\laravel\framework\src\Illuminate\Routing\Router.php(1036): Illuminate\Routing\Router->prepareResponse(Object(Illuminate\Http\Request), Object(Illuminate\View\View))
#9 C:\Users\Jordan\Documents\GitHub\4413Project\vendor\laravel\framework\src\Illuminate\Routing\Router.php(1001): Illuminate\Routing\Router->dispatchToRoute(Object(Illuminate\Http\Request))
#10 C:\Users\Jordan\Documents\GitHub\4413Project\vendor\laravel\framework\src\Illuminate\Foundation\Application.php(775): Illuminate\Routing\Router->dispatch(Object(Illuminate\Http\Request))
#11 C:\Users\Jordan\Documents\GitHub\4413Project\vendor\laravel\framework\src\Illuminate\Foundation\Application.php(745): Illuminate\Foundation\Application->dispatch(Object(Illuminate\Http\Request))
#12 C:\Users\Jordan\Documents\GitHub\4413Project\vendor\laravel\framework\src\Illuminate\Session\Middleware.php(72): Illuminate\Foundation\Application->handle(Object(Illuminate\Http\Request), 1, true)
#13 C:\Users\Jordan\Documents\GitHub\4413Project\vendor\laravel\framework\src\Illuminate\Cookie\Queue.php(47): Illuminate\Session\Middleware->handle(Object(Illuminate\Http\Request), 1, true)
#14 C:\Users\Jordan\Documents\GitHub\4413Project\vendor\laravel\framework\src\Illuminate\Cookie\Guard.php(51): Illuminate\Cookie\Queue->handle(Object(Illuminate\Http\Request), 1, true)
#15 C:\Users\Jordan\Documents\GitHub\4413Project\vendor\stack\builder\src\Stack\StackedHttpKernel.php(23): Illuminate\Cookie\Guard->handle(Object(Illuminate\Http\Request), 1, true)
#16 C:\Users\Jordan\Documents\GitHub\4413Project\vendor\laravel\framework\src\Illuminate\Foundation\Application.php(641): Stack\StackedHttpKernel->handle(Object(Illuminate\Http\Request))
#17 C:\Users\Jordan\Documents\GitHub\4413Project\public\index.php(49): Illuminate\Foundation\Application->run()
#18 C:\Users\Jordan\Documents\GitHub\4413Project\server.php(19): require_once('C:\\Users\\Jordan...')
#19 {main} [] []
[2016-08-02 21:36:24] production.ERROR: exception 'Symfony\Component\Debug\Exception\FatalErrorException' with message 'syntax error, unexpected end of file, expecting function (T_FUNCTION)' in C:\Users\Jordan\Documents\GitHub\4413Project\app\controllers\RegistrationController.php:70
Stack trace:
#0 [internal function]: Illuminate\Exception\Handler->handleShutdown()
#1 {main} [] []
[2016-08-02 21:36:34] production.ERROR: exception 'Symfony\Component\Debug\Exception\FatalErrorException' with message 'syntax error, unexpected end of file, expecting function (T_FUNCTION)' in C:\Users\Jordan\Documents\GitHub\4413Project\app\controllers\RegistrationController.php:70
Stack trace:
#0 [internal function]: Illuminate\Exception\Handler->handleShutdown()
#1 {main} [] []
[2016-08-02 21:53:17] production.ERROR: exception 'PDOException' with message 'SQLSTATE[42S02]: Base table or view not found: 1146 Table 'forge.posts' doesn't exist' in C:\Users\Jordan\Documents\GitHub\4413Project\vendor\laravel\framework\src\Illuminate\Database\Connection.php:299
Stack trace:
#0 C:\Users\Jordan\Documents\GitHub\4413Project\vendor\laravel\framework\src\Illuminate\Database\Connection.php(299): PDO->prepare('select * from `...')
#1 C:\Users\Jordan\Documents\GitHub\4413Project\vendor\laravel\framework\src\Illuminate\Database\Connection.php(617): Illuminate\Database\Connection->Illuminate\Database\{closure}(Object(Illuminate\Database\MySqlConnection), 'select * from `...', Array)
#2 C:\Users\Jordan\Documents\GitHub\4413Project\vendor\laravel\framework\src\Illuminate\Database\Connection.php(581): Illuminate\Database\Connection->runQueryCallback('select * from `...', Array, Object(Closure))
#3 C:\Users\Jordan\Documents\GitHub\4413Project\vendor\laravel\framework\src\Illuminate\Database\Connection.php(304): Illuminate\Database\Connection->run('select * from `...', Array, Object(Closure))
#4 C:\Users\Jordan\Documents\GitHub\4413Project\vendor\laravel\framework\src\Illuminate\Database\Query\Builder.php(1412): Illuminate\Database\Connection->select('select * from `...', Array)
#5 C:\Users\Jordan\Documents\GitHub\4413Project\vendor\laravel\framework\src\Illuminate\Database\Query\Builder.php(1397): Illuminate\Database\Query\Builder->runSelect()
#6 C:\Users\Jordan\Documents\GitHub\4413Project\vendor\laravel\framework\src\Illuminate\Database\Query\Builder.php(1384): Illuminate\Database\Query\Builder->getFresh(Array)
#7 C:\Users\Jordan\Documents\GitHub\4413Project\vendor\laravel\framework\src\Illuminate\Database\Eloquent\Builder.php(411): Illuminate\Database\Query\Builder->get(Array)
#8 C:\Users\Jordan\Documents\GitHub\4413Project\vendor\laravel\framework\src\Illuminate\Database\Eloquent\Builder.php(151): Illuminate\Database\Eloquent\Builder->getModels(Array)
#9 C:\Users\Jordan\Documents\GitHub\4413Project\app\controllers\FeedController.php(13): Illuminate\Database\Eloquent\Builder->get()
#10 [internal function]: FeedController->showFeed()
#11 C:\Users\Jordan\Documents\GitHub\4413Project\vendor\laravel\framework\src\Illuminate\Routing\Controller.php(231): call_user_func_array(Array, Array)
#12 C:\Users\Jordan\Documents\GitHub\4413Project\vendor\laravel\framework\src\Illuminate\Routing\ControllerDispatcher.php(93): Illuminate\Routing\Controller->callAction('showFeed', Array)
#13 C:\Users\Jordan\Documents\GitHub\4413Project\vendor\laravel\framework\src\Illuminate\Routing\ControllerDispatcher.php(62): Illuminate\Routing\ControllerDispatcher->call(Object(FeedController), Object(Illuminate\Routing\Route), 'showFeed')
#14 C:\Users\Jordan\Documents\GitHub\4413Project\vendor\laravel\framework\src\Illuminate\Routing\Router.php(967): Illuminate\Routing\ControllerDispatcher->dispatch(Object(Illuminate\Routing\Route), Object(Illuminate\Http\Request), 'FeedController', 'showFeed')
#15 [internal function]: Illuminate\Routing\Router->Illuminate\Routing\{closure}()
#16 C:\Users\Jordan\Documents\GitHub\4413Project\vendor\laravel\framework\src\Illuminate\Routing\Route.php(109): call_user_func_array(Object(Closure), Array)
#17 C:\Users\Jordan\Documents\GitHub\4413Project\vendor\laravel\framework\src\Illuminate\Routing\Router.php(1033): Illuminate\Routing\Route->run(Object(Illuminate\Http\Request))
#18 C:\Users\Jordan\Documents\GitHub\4413Project\vendor\laravel\framework\src\Illuminate\Routing\Router.php(1001): Illuminate\Routing\Router->dispatchToRoute(Object(Illuminate\Http\Request))
#19 C:\Users\Jordan\Documents\GitHub\4413Project\vendor\laravel\framework\src\Illuminate\Foundation\Application.php(775): Illuminate\Routing\Router->dispatch(Object(Illuminate\Http\Request))
#20 C:\Users\Jordan\Documents\GitHub\4413Project\vendor\laravel\framework\src\Illuminate\Foundation\Application.php(745): Illuminate\Foundation\Application->dispatch(Object(Illuminate\Http\Request))
#21 C:\Users\Jordan\Documents\GitHub\4413Project\vendor\laravel\framework\src\Illuminate\Session\Middleware.php(72): Illuminate\Foundation\Application->handle(Object(Illuminate\Http\Request), 1, true)
#22 C:\Users\Jordan\Documents\GitHub\4413Project\vendor\laravel\framework\src\Illuminate\Cookie\Queue.php(47): Illuminate\Session\Middleware->handle(Object(Illuminate\Http\Request), 1, true)
#23 C:\Users\Jordan\Documents\GitHub\4413Project\vendor\laravel\framework\src\Illuminate\Cookie\Guard.php(51): Illuminate\Cookie\Queue->handle(Object(Illuminate\Http\Request), 1, true)
#24 C:\Users\Jordan\Documents\GitHub\4413Project\vendor\stack\builder\src\Stack\StackedHttpKernel.php(23): Illuminate\Cookie\Guard->handle(Object(Illuminate\Http\Request), 1, true)
#25 C:\Users\Jordan\Documents\GitHub\4413Project\vendor\laravel\framework\src\Illuminate\Foundation\Application.php(641): Stack\StackedHttpKernel->handle(Object(Illuminate\Http\Request))
#26 C:\Users\Jordan\Documents\GitHub\4413Project\public\index.php(49): Illuminate\Foundation\Application->run()
#27 C:\Users\Jordan\Documents\GitHub\4413Project\server.php(19): require_once('C:\\Users\\Jordan...')
#28 {main}

Next exception 'Illuminate\Database\QueryException' with message 'SQLSTATE[42S02]: Base table or view not found: 1146 Table 'forge.posts' doesn't exist (SQL: select * from `posts` where `UID` = 1)' in C:\Users\Jordan\Documents\GitHub\4413Project\vendor\laravel\framework\src\Illuminate\Database\Connection.php:625
Stack trace:
#0 C:\Users\Jordan\Documents\GitHub\4413Project\vendor\laravel\framework\src\Illuminate\Database\Connection.php(581): Illuminate\Database\Connection->runQueryCallback('select * from `...', Array, Object(Closure))
#1 C:\Users\Jordan\Documents\GitHub\4413Project\vendor\laravel\framework\src\Illuminate\Database\Connection.php(304): Illuminate\Database\Connection->run('select * from `...', Array, Object(Closure))
#2 C:\Users\Jordan\Documents\GitHub\4413Project\vendor\laravel\framework\src\Illuminate\Database\Query\Builder.php(1412): Illuminate\Database\Connection->select('select * from `...', Array)
#3 C:\Users\Jordan\Documents\GitHub\4413Project\vendor\laravel\framework\src\Illuminate\Database\Query\Builder.php(1397): Illuminate\Database\Query\Builder->runSelect()
#4 C:\Users\Jordan\Documents\GitHub\4413Project\vendor\laravel\framework\src\Illuminate\Database\Query\Builder.php(1384): Illuminate\Database\Query\Builder->getFresh(Array)
#5 C:\Users\Jordan\Documents\GitHub\4413Project\vendor\laravel\framework\src\Illuminate\Database\Eloquent\Builder.php(411): Illuminate\Database\Query\Builder->get(Array)
#6 C:\Users\Jordan\Documents\GitHub\4413Project\vendor\laravel\framework\src\Illuminate\Database\Eloquent\Builder.php(151): Illuminate\Database\Eloquent\Builder->getModels(Array)
#7 C:\Users\Jordan\Documents\GitHub\4413Project\app\controllers\FeedController.php(13): Illuminate\Database\Eloquent\Builder->get()
#8 [internal function]: FeedController->showFeed()
#9 C:\Users\Jordan\Documents\GitHub\4413Project\vendor\laravel\framework\src\Illuminate\Routing\Controller.php(231): call_user_func_array(Array, Array)
#10 C:\Users\Jordan\Documents\GitHub\4413Project\vendor\laravel\framework\src\Illuminate\Routing\ControllerDispatcher.php(93): Illuminate\Routing\Controller->callAction('showFeed', Array)
#11 C:\Users\Jordan\Documents\GitHub\4413Project\vendor\laravel\framework\src\Illuminate\Routing\ControllerDispatcher.php(62): Illuminate\Routing\ControllerDispatcher->call(Object(FeedController), Object(Illuminate\Routing\Route), 'showFeed')
#12 C:\Users\Jordan\Documents\GitHub\4413Project\vendor\laravel\framework\src\Illuminate\Routing\Router.php(967): Illuminate\Routing\ControllerDispatcher->dispatch(Object(Illuminate\Routing\Route), Object(Illuminate\Http\Request), 'FeedController', 'showFeed')
#13 [internal function]: Illuminate\Routing\Router->Illuminate\Routing\{closure}()
#14 C:\Users\Jordan\Documents\GitHub\4413Project\vendor\laravel\framework\src\Illuminate\Routing\Route.php(109): call_user_func_array(Object(Closure), Array)
#15 C:\Users\Jordan\Documents\GitHub\4413Project\vendor\laravel\framework\src\Illuminate\Routing\Router.php(1033): Illuminate\Routing\Route->run(Object(Illuminate\Http\Request))
#16 C:\Users\Jordan\Documents\GitHub\4413Project\vendor\laravel\framework\src\Illuminate\Routing\Router.php(1001): Illuminate\Routing\Router->dispatchToRoute(Object(Illuminate\Http\Request))
#17 C:\Users\Jordan\Documents\GitHub\4413Project\vendor\laravel\framework\src\Illuminate\Foundation\Application.php(775): Illuminate\Routing\Router->dispatch(Object(Illuminate\Http\Request))
#18 C:\Users\Jordan\Documents\GitHub\4413Project\vendor\laravel\framework\src\Illuminate\Foundation\Application.php(745): Illuminate\Foundation\Application->dispatch(Object(Illuminate\Http\Request))
#19 C:\Users\Jordan\Documents\GitHub\4413Project\vendor\laravel\framework\src\Illuminate\Session\Middleware.php(72): Illuminate\Foundation\Application->handle(Object(Illuminate\Http\Request), 1, true)
#20 C:\Users\Jordan\Documents\GitHub\4413Project\vendor\laravel\framework\src\Illuminate\Cookie\Queue.php(47): Illuminate\Session\Middleware->handle(Object(Illuminate\Http\Request), 1, true)
#21 C:\Users\Jordan\Documents\GitHub\4413Project\vendor\laravel\framework\src\Illuminate\Cookie\Guard.php(51): Illuminate\Cookie\Queue->handle(Object(Illuminate\Http\Request), 1, true)
#22 C:\Users\Jordan\Documents\GitHub\4413Project\vendor\stack\builder\src\Stack\StackedHttpKernel.php(23): Illuminate\Cookie\Guard->handle(Object(Illuminate\Http\Request), 1, true)
#23 C:\Users\Jordan\Documents\GitHub\4413Project\vendor\laravel\framework\src\Illuminate\Foundation\Application.php(641): Stack\StackedHttpKernel->handle(Object(Illuminate\Http\Request))
#24 C:\Users\Jordan\Documents\GitHub\4413Project\public\index.php(49): Illuminate\Foundation\Application->run()
#25 C:\Users\Jordan\Documents\GitHub\4413Project\server.php(19): require_once('C:\\Users\\Jordan...')
#26 {main} [] []
[2016-08-02 21:54:16] production.ERROR: exception 'PDOException' with message 'SQLSTATE[42S02]: Base table or view not found: 1146 Table 'forge.posts' doesn't exist' in C:\Users\Jordan\Documents\GitHub\4413Project\vendor\laravel\framework\src\Illuminate\Database\Connection.php:299
Stack trace:
#0 C:\Users\Jordan\Documents\GitHub\4413Project\vendor\laravel\framework\src\Illuminate\Database\Connection.php(299): PDO->prepare('select * from `...')
#1 C:\Users\Jordan\Documents\GitHub\4413Project\vendor\laravel\framework\src\Illuminate\Database\Connection.php(617): Illuminate\Database\Connection->Illuminate\Database\{closure}(Object(Illuminate\Database\MySqlConnection), 'select * from `...', Array)
#2 C:\Users\Jordan\Documents\GitHub\4413Project\vendor\laravel\framework\src\Illuminate\Database\Connection.php(581): Illuminate\Database\Connection->runQueryCallback('select * from `...', Array, Object(Closure))
#3 C:\Users\Jordan\Documents\GitHub\4413Project\vendor\laravel\framework\src\Illuminate\Database\Connection.php(304): Illuminate\Database\Connection->run('select * from `...', Array, Object(Closure))
#4 C:\Users\Jordan\Documents\GitHub\4413Project\vendor\laravel\framework\src\Illuminate\Database\Query\Builder.php(1412): Illuminate\Database\Connection->select('select * from `...', Array)
#5 C:\Users\Jordan\Documents\GitHub\4413Project\vendor\laravel\framework\src\Illuminate\Database\Query\Builder.php(1397): Illuminate\Database\Query\Builder->runSelect()
#6 C:\Users\Jordan\Documents\GitHub\4413Project\vendor\laravel\framework\src\Illuminate\Database\Query\Builder.php(1384): Illuminate\Database\Query\Builder->getFresh(Array)
#7 C:\Users\Jordan\Documents\GitHub\4413Project\vendor\laravel\framework\src\Illuminate\Database\Eloquent\Builder.php(411): Illuminate\Database\Query\Builder->get(Array)
#8 C:\Users\Jordan\Documents\GitHub\4413Project\vendor\laravel\framework\src\Illuminate\Database\Eloquent\Builder.php(151): Illuminate\Database\Eloquent\Builder->getModels(Array)
#9 C:\Users\Jordan\Documents\GitHub\4413Project\app\controllers\FeedController.php(13): Illuminate\Database\Eloquent\Builder->get()
#10 [internal function]: FeedController->showFeed()
#11 C:\Users\Jordan\Documents\GitHub\4413Project\vendor\laravel\framework\src\Illuminate\Routing\Controller.php(231): call_user_func_array(Array, Array)
#12 C:\Users\Jordan\Documents\GitHub\4413Project\vendor\laravel\framework\src\Illuminate\Routing\ControllerDispatcher.php(93): Illuminate\Routing\Controller->callAction('showFeed', Array)
#13 C:\Users\Jordan\Documents\GitHub\4413Project\vendor\laravel\framework\src\Illuminate\Routing\ControllerDispatcher.php(62): Illuminate\Routing\ControllerDispatcher->call(Object(FeedController), Object(Illuminate\Routing\Route), 'showFeed')
#14 C:\Users\Jordan\Documents\GitHub\4413Project\vendor\laravel\framework\src\Illuminate\Routing\Router.php(967): Illuminate\Routing\ControllerDispatcher->dispatch(Object(Illuminate\Routing\Route), Object(Illuminate\Http\Request), 'FeedController', 'showFeed')
#15 [internal function]: Illuminate\Routing\Router->Illuminate\Routing\{closure}()
#16 C:\Users\Jordan\Documents\GitHub\4413Project\vendor\laravel\framework\src\Illuminate\Routing\Route.php(109): call_user_func_array(Object(Closure), Array)
#17 C:\Users\Jordan\Documents\GitHub\4413Project\vendor\laravel\framework\src\Illuminate\Routing\Router.php(1033): Illuminate\Routing\Route->run(Object(Illuminate\Http\Request))
#18 C:\Users\Jordan\Documents\GitHub\4413Project\vendor\laravel\framework\src\Illuminate\Routing\Router.php(1001): Illuminate\Routing\Router->dispatchToRoute(Object(Illuminate\Http\Request))
#19 C:\Users\Jordan\Documents\GitHub\4413Project\vendor\laravel\framework\src\Illuminate\Foundation\Application.php(775): Illuminate\Routing\Router->dispatch(Object(Illuminate\Http\Request))
#20 C:\Users\Jordan\Documents\GitHub\4413Project\vendor\laravel\framework\src\Illuminate\Foundation\Application.php(745): Illuminate\Foundation\Application->dispatch(Object(Illuminate\Http\Request))
#21 C:\Users\Jordan\Documents\GitHub\4413Project\vendor\laravel\framework\src\Illuminate\Session\Middleware.php(72): Illuminate\Foundation\Application->handle(Object(Illuminate\Http\Request), 1, true)
#22 C:\Users\Jordan\Documents\GitHub\4413Project\vendor\laravel\framework\src\Illuminate\Cookie\Queue.php(47): Illuminate\Session\Middleware->handle(Object(Illuminate\Http\Request), 1, true)
#23 C:\Users\Jordan\Documents\GitHub\4413Project\vendor\laravel\framework\src\Illuminate\Cookie\Guard.php(51): Illuminate\Cookie\Queue->handle(Object(Illuminate\Http\Request), 1, true)
#24 C:\Users\Jordan\Documents\GitHub\4413Project\vendor\stack\builder\src\Stack\StackedHttpKernel.php(23): Illuminate\Cookie\Guard->handle(Object(Illuminate\Http\Request), 1, true)
#25 C:\Users\Jordan\Documents\GitHub\4413Project\vendor\laravel\framework\src\Illuminate\Foundation\Application.php(641): Stack\StackedHttpKernel->handle(Object(Illuminate\Http\Request))
#26 C:\Users\Jordan\Documents\GitHub\4413Project\public\index.php(49): Illuminate\Foundation\Application->run()
#27 C:\Users\Jordan\Documents\GitHub\4413Project\server.php(19): require_once('C:\\Users\\Jordan...')
#28 {main}

Next exception 'Illuminate\Database\QueryException' with message 'SQLSTATE[42S02]: Base table or view not found: 1146 Table 'forge.posts' doesn't exist (SQL: select * from `posts` where `UID` = 1)' in C:\Users\Jordan\Documents\GitHub\4413Project\vendor\laravel\framework\src\Illuminate\Database\Connection.php:625
Stack trace:
#0 C:\Users\Jordan\Documents\GitHub\4413Project\vendor\laravel\framework\src\Illuminate\Database\Connection.php(581): Illuminate\Database\Connection->runQueryCallback('select * from `...', Array, Object(Closure))
#1 C:\Users\Jordan\Documents\GitHub\4413Project\vendor\laravel\framework\src\Illuminate\Database\Connection.php(304): Illuminate\Database\Connection->run('select * from `...', Array, Object(Closure))
#2 C:\Users\Jordan\Documents\GitHub\4413Project\vendor\laravel\framework\src\Illuminate\Database\Query\Builder.php(1412): Illuminate\Database\Connection->select('select * from `...', Array)
#3 C:\Users\Jordan\Documents\GitHub\4413Project\vendor\laravel\framework\src\Illuminate\Database\Query\Builder.php(1397): Illuminate\Database\Query\Builder->runSelect()
#4 C:\Users\Jordan\Documents\GitHub\4413Project\vendor\laravel\framework\src\Illuminate\Database\Query\Builder.php(1384): Illuminate\Database\Query\Builder->getFresh(Array)
#5 C:\Users\Jordan\Documents\GitHub\4413Project\vendor\laravel\framework\src\Illuminate\Database\Eloquent\Builder.php(411): Illuminate\Database\Query\Builder->get(Array)
#6 C:\Users\Jordan\Documents\GitHub\4413Project\vendor\laravel\framework\src\Illuminate\Database\Eloquent\Builder.php(151): Illuminate\Database\Eloquent\Builder->getModels(Array)
#7 C:\Users\Jordan\Documents\GitHub\4413Project\app\controllers\FeedController.php(13): Illuminate\Database\Eloquent\Builder->get()
#8 [internal function]: FeedController->showFeed()
#9 C:\Users\Jordan\Documents\GitHub\4413Project\vendor\laravel\framework\src\Illuminate\Routing\Controller.php(231): call_user_func_array(Array, Array)
#10 C:\Users\Jordan\Documents\GitHub\4413Project\vendor\laravel\framework\src\Illuminate\Routing\ControllerDispatcher.php(93): Illuminate\Routing\Controller->callAction('showFeed', Array)
#11 C:\Users\Jordan\Documents\GitHub\4413Project\vendor\laravel\framework\src\Illuminate\Routing\ControllerDispatcher.php(62): Illuminate\Routing\ControllerDispatcher->call(Object(FeedController), Object(Illuminate\Routing\Route), 'showFeed')
#12 C:\Users\Jordan\Documents\GitHub\4413Project\vendor\laravel\framework\src\Illuminate\Routing\Router.php(967): Illuminate\Routing\ControllerDispatcher->dispatch(Object(Illuminate\Routing\Route), Object(Illuminate\Http\Request), 'FeedController', 'showFeed')
#13 [internal function]: Illuminate\Routing\Router->Illuminate\Routing\{closure}()
#14 C:\Users\Jordan\Documents\GitHub\4413Project\vendor\laravel\framework\src\Illuminate\Routing\Route.php(109): call_user_func_array(Object(Closure), Array)
#15 C:\Users\Jordan\Documents\GitHub\4413Project\vendor\laravel\framework\src\Illuminate\Routing\Router.php(1033): Illuminate\Routing\Route->run(Object(Illuminate\Http\Request))
#16 C:\Users\Jordan\Documents\GitHub\4413Project\vendor\laravel\framework\src\Illuminate\Routing\Router.php(1001): Illuminate\Routing\Router->dispatchToRoute(Object(Illuminate\Http\Request))
#17 C:\Users\Jordan\Documents\GitHub\4413Project\vendor\laravel\framework\src\Illuminate\Foundation\Application.php(775): Illuminate\Routing\Router->dispatch(Object(Illuminate\Http\Request))
#18 C:\Users\Jordan\Documents\GitHub\4413Project\vendor\laravel\framework\src\Illuminate\Foundation\Application.php(745): Illuminate\Foundation\Application->dispatch(Object(Illuminate\Http\Request))
#19 C:\Users\Jordan\Documents\GitHub\4413Project\vendor\laravel\framework\src\Illuminate\Session\Middleware.php(72): Illuminate\Foundation\Application->handle(Object(Illuminate\Http\Request), 1, true)
#20 C:\Users\Jordan\Documents\GitHub\4413Project\vendor\laravel\framework\src\Illuminate\Cookie\Queue.php(47): Illuminate\Session\Middleware->handle(Object(Illuminate\Http\Request), 1, true)
#21 C:\Users\Jordan\Documents\GitHub\4413Project\vendor\laravel\framework\src\Illuminate\Cookie\Guard.php(51): Illuminate\Cookie\Queue->handle(Object(Illuminate\Http\Request), 1, true)
#22 C:\Users\Jordan\Documents\GitHub\4413Project\vendor\stack\builder\src\Stack\StackedHttpKernel.php(23): Illuminate\Cookie\Guard->handle(Object(Illuminate\Http\Request), 1, true)
#23 C:\Users\Jordan\Documents\GitHub\4413Project\vendor\laravel\framework\src\Illuminate\Foundation\Application.php(641): Stack\StackedHttpKernel->handle(Object(Illuminate\Http\Request))
#24 C:\Users\Jordan\Documents\GitHub\4413Project\public\index.php(49): Illuminate\Foundation\Application->run()
#25 C:\Users\Jordan\Documents\GitHub\4413Project\server.php(19): require_once('C:\\Users\\Jordan...')
#26 {main} [] []
[2016-08-02 21:56:07] production.ERROR: exception 'Symfony\Component\Debug\Exception\FatalErrorException' with message 'syntax error, unexpected '/'' in C:\Users\Jordan\Documents\GitHub\4413Project\app\storage\views\67377c82ac3ee89fa0af42d3fe1b03b4:33
Stack trace:
#0 [internal function]: Illuminate\Exception\Handler->handleShutdown()
#1 {main} [] []
[2016-08-02 21:56:46] production.ERROR: exception 'Symfony\Component\Debug\Exception\FatalErrorException' with message 'syntax error, unexpected '/'' in C:\Users\Jordan\Documents\GitHub\4413Project\app\storage\views\67377c82ac3ee89fa0af42d3fe1b03b4:33
Stack trace:
#0 [internal function]: Illuminate\Exception\Handler->handleShutdown()
#1 {main} [] []
[2016-08-02 21:56:48] production.ERROR: exception 'Symfony\Component\Debug\Exception\FatalErrorException' with message 'syntax error, unexpected '/'' in C:\Users\Jordan\Documents\GitHub\4413Project\app\storage\views\67377c82ac3ee89fa0af42d3fe1b03b4:33
Stack trace:
#0 [internal function]: Illuminate\Exception\Handler->handleShutdown()
#1 {main} [] []
[2016-08-02 21:59:50] production.ERROR: exception 'Symfony\Component\Debug\Exception\FatalErrorException' with message 'syntax error, unexpected ''class'' (T_CONSTANT_ENCAPSED_STRING), expecting ']'' in C:\Users\Jordan\Documents\GitHub\4413Project\app\storage\views\ce88e327a9d1da64fb5b6907a5d2ddf8:35
Stack trace:
#0 [internal function]: Illuminate\Exception\Handler->handleShutdown()
#1 {main} [] []
[2016-08-02 22:00:39] production.ERROR: exception 'Symfony\Component\Debug\Exception\FatalErrorException' with message 'syntax error, unexpected ''class'' (T_CONSTANT_ENCAPSED_STRING), expecting ']'' in C:\Users\Jordan\Documents\GitHub\4413Project\app\storage\views\ce88e327a9d1da64fb5b6907a5d2ddf8:43
Stack trace:
#0 [internal function]: Illuminate\Exception\Handler->handleShutdown()
#1 {main} [] []
[2016-08-02 22:08:03] production.ERROR: exception 'Symfony\Component\Debug\Exception\FatalErrorException' with message 'syntax error, unexpected end of file, expecting function (T_FUNCTION)' in C:\Users\Jordan\Documents\GitHub\4413Project\app\controllers\HomeController.php:52
Stack trace:
#0 [internal function]: Illuminate\Exception\Handler->handleShutdown()
#1 {main} [] []
